{"level":"info","message":"Server started at port 8081","timestamp":"2025-02-02 23:37:16"}
{"level":"info","message":"Server started at port 8081","timestamp":"2025-02-02 23:38:28"}
{"level":"info","message":"Server started at port 8081","timestamp":"2025-02-03 01:09:35"}
{"level":"info","message":"Server started at port 8081","timestamp":"2025-02-03 01:23:58"}
{"level":"info","message":"Server started at port 8081","timestamp":"2025-02-03 01:54:43"}
{"level":"info","message":"Server started at port 8081","timestamp":"2025-02-03 01:54:49"}
{"level":"info","message":"Server started at port 8081","timestamp":"2025-02-03 01:56:44"}
{"level":"info","message":"Server started at port 8081","timestamp":"2025-02-03 02:17:03"}
{"level":"info","message":"Server started at port 8081","timestamp":"2025-02-03 02:17:26"}
{"level":"info","message":"Server started at port 8081","timestamp":"2025-02-03 02:17:34"}
{"level":"info","message":"Server started at port 8081","timestamp":"2025-02-03 02:18:56"}
{"level":"info","message":"Server started at port 8081","timestamp":"2025-02-03 02:19:34"}
{"level":"info","message":"Server started at port 8081","timestamp":"2025-02-03 02:21:05"}
{"level":"info","message":"Server started at port 8081","timestamp":"2025-02-03 02:21:58"}
{"createdAt":"2025-02-02T20:52:03.833Z","email":"bapanbiswasac@gmail.com","id":1,"isActive":true,"level":"info","message":"UserService: user added","name":"Bapan Biswas","password":"$2a$10$G00y8ZGMOKxlFhdJn4VVSuZeS2kSx96ljbxYS5kWigJ7AUMdrxYBm","roleId":1,"timestamp":"2025-02-03 02:22:03","updatedAt":null}
{"level":"info","message":"Server started at port 8081","timestamp":"2025-02-03 02:22:36"}
{"level":"info","message":"Server started at port 8081","timestamp":"2025-02-03 02:26:32"}
{"level":"info","message":"Server started at port 8081","timestamp":"2025-02-03 02:27:05"}
{"level":"info","message":"Server started at port 8081","timestamp":"2025-02-03 02:53:56"}
{"level":"info","message":"Server started at port 8081","timestamp":"2025-02-03 14:07:49"}
{"level":"info","message":"Server started at port 8081","timestamp":"2025-02-16 21:08:54"}
{"level":"info","message":"Server started at port 8081","timestamp":"2025-02-16 21:24:51"}
{"level":"info","message":"Server started at port 8081","timestamp":"2025-02-16 21:25:46"}
{"level":"info","message":"Server started at port 8081","timestamp":"2025-02-16 21:26:08"}
{"level":"info","message":"Server started at port 8081","timestamp":"2025-02-16 21:26:22"}
{"date":"Sun Feb 16 2025 21:26:27 GMT+0530 (India Standard Time)","error":{},"level":"error","message":"unhandledRejection: next is not defined\nReferenceError: next is not defined\n    at findAllUsers (file:///home/bapan/Bapan/gentrax/mahindra/03-auth/src/controllers/user.controller.js:59:13)","os":{"loadavg":[2.12,1.91,1.41],"uptime":523438.63},"process":{"argv":["/home/bapan/.nvm/versions/node/v23.0.0/bin/node","/home/bapan/Bapan/gentrax/mahindra/03-auth/src/app.js"],"cwd":"/home/bapan/Bapan/gentrax/mahindra/03-auth","execPath":"/home/bapan/.nvm/versions/node/v23.0.0/bin/node","gid":1000,"memoryUsage":{"arrayBuffers":17981,"external":2219194,"heapTotal":32669696,"heapUsed":13806712,"rss":100409344},"pid":200017,"uid":1000,"version":"v23.0.0"},"rejection":true,"stack":"ReferenceError: next is not defined\n    at findAllUsers (file:///home/bapan/Bapan/gentrax/mahindra/03-auth/src/controllers/user.controller.js:59:13)","timestamp":"2025-02-16 21:26:27","trace":[{"column":13,"file":"file:///home/bapan/Bapan/gentrax/mahindra/03-auth/src/controllers/user.controller.js","function":"findAllUsers","line":59,"method":null,"native":false}]}
{"date":"Sun Feb 16 2025 21:26:27 GMT+0530 (India Standard Time)","error":{},"level":"error","message":"unhandledRejection: next is not defined\nReferenceError: next is not defined\n    at findAllUsers (file:///home/bapan/Bapan/gentrax/mahindra/03-auth/src/controllers/user.controller.js:59:13)","os":{"loadavg":[2.12,1.91,1.41],"uptime":523438.64},"process":{"argv":["/home/bapan/.nvm/versions/node/v23.0.0/bin/node","/home/bapan/Bapan/gentrax/mahindra/03-auth/src/app.js"],"cwd":"/home/bapan/Bapan/gentrax/mahindra/03-auth","execPath":"/home/bapan/.nvm/versions/node/v23.0.0/bin/node","gid":1000,"memoryUsage":{"arrayBuffers":18005,"external":2219218,"heapTotal":32669696,"heapUsed":13931672,"rss":100540416},"pid":200017,"uid":1000,"version":"v23.0.0"},"rejection":true,"stack":"ReferenceError: next is not defined\n    at findAllUsers (file:///home/bapan/Bapan/gentrax/mahindra/03-auth/src/controllers/user.controller.js:59:13)","timestamp":"2025-02-16 21:26:27","trace":[{"column":13,"file":"file:///home/bapan/Bapan/gentrax/mahindra/03-auth/src/controllers/user.controller.js","function":"findAllUsers","line":59,"method":null,"native":false}]}
{"level":"info","message":"Server started at port 8081","timestamp":"2025-02-16 21:28:25"}
{"createdAt":"2025-02-16T20:58:59.923Z","email":"bapanbiswasac1@gmail.com","id":2,"isActive":true,"level":"info","message":"UserService: user added","name":"Bapan Test","roleId":1,"timestamp":"2025-02-17 02:28:59","updatedAt":null}
{"level":"info","message":"Server started at port 8081","timestamp":"2025-02-17 02:30:32"}
{"level":"info","message":"Server started at port 8081","timestamp":"2025-02-17 17:53:56"}
{"level":"info","message":"Server started at port 8081","timestamp":"2025-02-22 18:54:25"}
{"level":"info","message":"Server started at port 8081","timestamp":"2025-03-01 22:05:49"}
{"level":"info","message":"Server started at port 8081","timestamp":"2025-03-14 09:06:06"}
{"level":"info","message":"Server started at port 8081","timestamp":"2025-03-16 13:34:01"}
{"level":"info","message":"Server started at port 8081","timestamp":"2025-03-16 13:34:15"}
{"level":"info","message":"Server started at port 8081","timestamp":"2025-03-26 23:28:05"}
{"level":"info","message":"Server started at port 8081","timestamp":"2025-03-27 20:48:51"}
{"level":"info","message":"Server started at port 8081","timestamp":"2025-03-27 21:30:28"}
{"level":"info","message":"Server started at port 8081","timestamp":"2025-03-27 21:32:31"}
{"level":"info","message":"Server started at port 8081","timestamp":"2025-03-27 21:55:57"}
{"level":"info","message":"Server started at port 8081","timestamp":"2025-03-27 21:58:43"}
{"level":"info","message":"Server started at port 8081","timestamp":"2025-03-27 21:59:46"}
{"level":"info","message":"Server started at port 8081","timestamp":"2025-03-27 22:00:48"}
{"level":"info","message":"Server started at port 8081","timestamp":"2025-03-27 22:01:06"}
{"level":"info","message":"Server started at port 8081","timestamp":"2025-03-28 14:27:49"}
{"createdAt":"2025-02-02T20:52:03.833Z","email":"bapanbiswasac@gmail.com","id":1,"isActive":true,"level":"error","message":"UserService: user already exists","name":"Bapan Biswas","password":"$2a$10$G00y8ZGMOKxlFhdJn4VVSuZeS2kSx96ljbxYS5kWigJ7AUMdrxYBm","roleId":1,"timestamp":"2025-03-30 21:36:00","updatedAt":null}
{"level":"info","message":"Server started at port 8081","timestamp":"2025-03-30 21:36:32"}
{"_original":{"email":"bapanbiswasac@gmail.comm","isActive":true,"name":"User A","password":"Test@123","roleId":1},"details":[{"context":{"invalids":["bapanbiswasac@gmail.comm"],"key":"email","label":"email","value":"bapanbiswasac@gmail.comm"},"message":"\"email\" must be a valid email","path":["email"],"type":"string.email"}],"level":"warn","message":"UserService: Create user validation error \"email\" must be a valid email","stack":"ValidationError: \"email\" must be a valid email","timestamp":"2025-03-30 21:36:35"}
{"createdAt":"2025-03-30T16:06:48.731Z","email":"bapanbiswasac2@gmail.com","id":3,"isActive":true,"level":"info","message":"UserService: user added","name":"User A","roleId":1,"timestamp":"2025-03-30 21:36:48","updatedAt":null}
{"level":"info","message":"Server started at port 8081","timestamp":"2025-03-30 21:43:29"}
{"level":"info","message":"Server started at port 8081","timestamp":"2025-03-30 21:45:52"}
{"level":"info","message":"Server started at port 8081","timestamp":"2025-03-30 21:46:49"}
{"level":"info","message":"Server started at port 8081","timestamp":"2025-03-30 21:47:13"}
{"level":"info","message":"Server started at port 8081","timestamp":"2025-03-30 21:47:15"}
{"level":"info","message":"Server started at port 8081","timestamp":"2025-03-30 22:13:10"}
{"level":"info","message":"Server started at port 8081","timestamp":"2025-03-30 22:13:33"}
{"level":"info","message":"Server started at port 8081","timestamp":"2025-03-30 22:14:04"}
{"level":"info","message":"Server started at port 8081","timestamp":"2025-03-30 22:33:30"}
{"level":"info","message":"Server started at port 8081","timestamp":"2025-03-30 22:35:21"}
{"level":"info","message":"Server started at port 8081","timestamp":"2025-03-30 22:35:51"}
{"level":"info","message":"Server started at port 8081","timestamp":"2025-03-30 22:37:45"}
{"level":"info","message":"Server started at port 8081","timestamp":"2025-03-30 22:37:47"}
{"level":"info","message":"Server started at port 8081","timestamp":"2025-03-30 22:38:10"}
